<?xml version="1.0" encoding="UTF-8"?>
<testng-results skipped="0" failed="0" total="3" passed="3">
  <reporter-output>
  </reporter-output>
  <suite name="Default suite" duration-ms="48964" started-at="2019-06-19T05:00:53Z" finished-at="2019-06-19T05:01:42Z">
    <groups>
    </groups>
    <test name="Default test" duration-ms="48964" started-at="2019-06-19T05:00:53Z" finished-at="2019-06-19T05:01:42Z">
      <class name="com.training.sanity.tests.week1">
        <test-method status="PASS" signature="setUpBeforeClass()[pri:0, instance:com.training.sanity.tests.week1@66d33a]" name="setUpBeforeClass" is-config="true" duration-ms="18533" started-at="2019-06-19T10:30:53Z" finished-at="2019-06-19T10:31:11Z">
          <reporter-output>
          </reporter-output>
        </test-method> <!-- setUpBeforeClass -->
        <test-method status="PASS" signature="registration()[pri:1, instance:com.training.sanity.tests.week1@66d33a]" name="registration" duration-ms="8383" started-at="2019-06-19T10:31:11Z" finished-at="2019-06-19T10:31:20Z">
          <reporter-output>
          </reporter-output>
        </test-method> <!-- registration -->
        <test-method status="PASS" signature="validLoginTest()[pri:2, instance:com.training.sanity.tests.week1@66d33a]" name="validLoginTest" duration-ms="6820" started-at="2019-06-19T10:31:20Z" finished-at="2019-06-19T10:31:26Z">
          <reporter-output>
          </reporter-output>
        </test-method> <!-- validLoginTest -->
        <test-method status="PASS" signature="change_pwd()[pri:3, instance:com.training.sanity.tests.week1@66d33a]" name="change_pwd" duration-ms="15192" started-at="2019-06-19T10:31:26Z" finished-at="2019-06-19T10:31:42Z">
          <reporter-output>
          </reporter-output>
        </test-method> <!-- change_pwd -->
      </class> <!-- com.training.sanity.tests.week1 -->
    </test> <!-- Default test -->
  </suite> <!-- Default suite -->
</testng-results>
